<?xml version="1.0" encoding="UTF-8"?>
<!-- Generated by org.testng.reporters.JUnitReportReporter -->
<testsuite skipped="0" hostname="QTLSYS2-94" name="pack.AA_WY_PDL2" tests="1" failures="0" timestamp="14 Jan 2020 08:54:03 GMT" time="226.389" errors="0">
  <testcase name="AA_RPPPayment_With2tenderCCK_Same_numbers_Trans_ShouldNotBeProcessd" time="226.389" classname="pack.AA_WY_PDL2"/>
</testsuite> <!-- pack.AA_WY_PDL2 -->
