<?xml version="1.0" encoding="UTF-8"?>
<!-- Generated by org.testng.reporters.JUnitReportReporter -->
<testsuite skipped="0" hostname="QTLSYS2-94" name="pack.AA_TN_PDL" tests="1" failures="0" timestamp="02 Jan 2020 06:03:33 GMT" time="301.447" errors="0">
  <testcase name="Loan_ReturnPosting_30PerofTotalDue__CheckWriteOff180daystoretdate" time="301.447" classname="pack.AA_TN_PDL"/>
</testsuite> <!-- pack.AA_TN_PDL -->
